               SELF-ASSESSED HEALTH (C)CHOPIT MODEL

DATE IS 7/27/2020

LINEAR THRESHOLDS FOR HOPIT VARIANTS
DESCRIPTIVE STATISTICS: SAH DATA

-----------------------------------------------------------------------------------------
Variable         Mean     Std Dev      Variance     Minimum     Maximum     Valid Missing
-----------------------------------------------------------------------------------------

Pain            1.049      0.9388        0.8813           0           3      3802    0 
Constant            1       -----         -----           1           1      3802    0 
Male           0.4676       0.499         0.249           0           1      3802    0 
Any_cond       0.7123      0.4528         0.205           0           1      3802    0 
Grip34_9       0.5313      0.4991        0.2491           0           1      3802    0 
Educ_ps        0.2094      0.4069        0.1656           0           1      3802    0 
Age6675        0.2788      0.4485        0.2011           0           1      3802    0 
Age76         0.07785       0.268       0.07181           0           1      3802    0 
V1pain          1.171      0.7549        0.5699           0           3      3802    0 


 No. of vignettes used          1.000 

Sample Proportions of Y


         0.3364 
         0.3595 
         0.2230 
        0.08101 
LM TEST FOR RC AND VE
Test, df's and p-value (reject null HOPIT model for large test values and/or small p-value)

          310.3           26.00       1.806e-50 

LM TEST FOR VE
Test, df's and p-value (reject null HOPIT model for large test values and/or small p-value)

          8.874           6.000          0.1808 

LM TEST FOR RC
Test, df's and p-value (reject null HOPIT model for large test values and/or small p-value)

          297.8           20.00       2.276e-51 

AVERAGE PROBABILITIES

         0.3350          0.2883 
         0.3603          0.4469 
         0.2244          0.2021 
        0.08022         0.06279 

SUMMARIES OF INFORMATION CRITERIA (BIC, AIC, CAIC, HQIC)

OP REGRESION
      9323.7884       9267.5988       9332.7884       9287.5680 

HOPIT
      18110.019       17935.207       18138.019       17997.333 


No. of vignettes used      1.0000000 

Vignette names          v1pain 


		SIMPLE REGRESSION

ESTIMATED PARAMETERS: COEFFICIENTS 

    Constant   0.629091 
        Male  -0.124516 
    any_cond   0.501214 
    grip34_9   0.219697 
     educ_ps  -0.104727 
     age6675   0.053577 
       age76   0.142161 


		SIMPLE ORDERED PROBIT REGRESSION

ESTIMATED PARAMETERS

                 Coeff.  (S.E.)     Tstat

        Male    -0.1635  (0.0492)    3.3229 
    any_cond     0.6273  (0.0415)   15.1118 
    grip34_9     0.2557  (0.0501)    5.1067 
     educ_ps    -0.1290  (0.0446)    2.8918 
     age6675     0.0644  (0.0411)    1.5648 
       age76     0.1620  (0.0682)    2.3756 
          mu     0.0572  (0.0567)    1.0079 
          mu     1.0600  (0.0584)   18.1613 
          mu     2.0063  (0.0638)   31.4312 

ESTIMATED PARTIAL EFFECTS (j=1,...,J;)

      Coeff.         ME
                     SE
        Male     0.0589  -0.0028  -0.0348  -0.0213
                 0.0177   0.0014   0.0105   0.0065
    any_cond    -0.2259   0.0108   0.1334   0.0817
                 0.0150   0.0041   0.0098   0.0062
    grip34_9    -0.0921   0.0044   0.0544   0.0333
                 0.0180   0.0019   0.0108   0.0066
     educ_ps     0.0465  -0.0022  -0.0274  -0.0168
                 0.0161   0.0011   0.0095   0.0058
     age6675    -0.0232   0.0011   0.0137   0.0084
                 0.0148   0.0008   0.0088   0.0054
       age76    -0.0583   0.0028   0.0345   0.0211
                 0.0246   0.0016   0.0145   0.0089


		HOPIT VIGNETTES MODEL

LogL       -8939.60 


ESTIMATED PARAMETERS

                 Coeff.  (S.E.)     Tstat

    Constant     1.1773  (0.0619)   19.0150 
        Male    -0.2715  (0.0700)    3.8817 
    any_cond     0.6581  (0.0586)   11.2384 
    grip34_9     0.1851  (0.0715)    2.5877 
     educ_ps    -0.1935  (0.0632)    3.0606 
     age6675     0.0900  (0.0580)    1.5512 
       age76     0.1686  (0.0968)    1.7412 

Vignettes constants

                 Coeff.  (S.E.)     Tstat
      v1pain     1.8296  (0.0654)   27.9781

Boundary equations (j=0,...,J)

                   Gama
